<?xml version="1.0" encoding="UTF-8"?>
<!-- Generated by org.testng.reporters.JUnitXMLReporter -->
<testsuite hostname="Humaira" ignored="0" name="Home Page Test" tests="3" failures="0" timestamp="2022-12-12T15:12:28 GMT" time="18.273" errors="0">
  <testcase name="userShouldLoginSuccessfullyWithValidCredentials" time="0.698" classname="com.herokuapp.internet_the.testsuite.HomePageTest"/>
  <testcase name="verifyThePasswordErrorMessage" time="0.729" classname="com.herokuapp.internet_the.testsuite.HomePageTest"/>
  <testcase name="verifyTheUsernameErrorMessage" time="0.689" classname="com.herokuapp.internet_the.testsuite.HomePageTest"/>
</testsuite> <!-- Home Page Test -->
