<?xml version="1.0" encoding="UTF-8"?>
<!-- Generated by org.testng.reporters.JUnitXMLReporter -->
<testsuite hostname="Humaira" ignored="2" name="Smoke Test" tests="1" failures="0" timestamp="2022-12-12T15:13:04 GMT" time="7.205" errors="0">
  <testcase name="verifyTheUsernameErrorMessage" time="0.74" classname="com.herokuapp.internet_the.testsuite.HomePageTest"/>
  <testcase name="userShouldLoginSuccessfullyWithValidCredentials" time="0.0" classname="com.herokuapp.internet_the.testsuite.HomePageTest">
    <ignored/>
  </testcase> <!-- userShouldLoginSuccessfullyWithValidCredentials -->
  <testcase name="verifyThePasswordErrorMessage" time="0.0" classname="com.herokuapp.internet_the.testsuite.HomePageTest">
    <ignored/>
  </testcase> <!-- verifyThePasswordErrorMessage -->
</testsuite> <!-- Smoke Test -->
