<?xml version="1.0" encoding="UTF-8"?>
<!-- Generated by org.testng.reporters.JUnitXMLReporter -->
<testsuite hostname="Humaira" ignored="0" name="Regression Test" tests="3" failures="0" timestamp="2022-12-12T15:12:46 GMT" time="23.205" errors="0">
  <testcase name="userShouldLoginSuccessfullyWithValidCredentials" time="0.833" classname="com.herokuapp.internet_the.testsuite.HomePageTest"/>
  <testcase name="verifyThePasswordErrorMessage" time="0.675" classname="com.herokuapp.internet_the.testsuite.HomePageTest"/>
  <testcase name="verifyTheUsernameErrorMessage" time="0.716" classname="com.herokuapp.internet_the.testsuite.HomePageTest"/>
</testsuite> <!-- Regression Test -->
