<?xml version="1.0" encoding="UTF-8"?>
<!-- Generated by org.testng.reporters.JUnitXMLReporter -->
<testsuite hostname="Humaira" ignored="2" name="Sanity Test" tests="1" failures="0" timestamp="2022-12-12T15:12:47 GMT" time="7.706" errors="0">
  <testcase name="userShouldLoginSuccessfullyWithValidCredentials" time="0.699" classname="com.herokuapp.internet_the.testsuite.HomePageTest"/>
  <testcase name="verifyTheUsernameErrorMessage" time="0.0" classname="com.herokuapp.internet_the.testsuite.HomePageTest">
    <ignored/>
  </testcase> <!-- verifyTheUsernameErrorMessage -->
  <testcase name="verifyThePasswordErrorMessage" time="0.0" classname="com.herokuapp.internet_the.testsuite.HomePageTest">
    <ignored/>
  </testcase> <!-- verifyThePasswordErrorMessage -->
</testsuite> <!-- Sanity Test -->
